<?xml version="1.0" encoding="UTF-8"?>
<testsuite xmlns:xsi="http://www.w3.org/2001/XMLSchema-instance" xsi:noNamespaceSchemaLocation="https://maven.apache.org/surefire/maven-surefire-plugin/xsd/surefire-test-report-3.0.xsd" version="3.0" name="com.example.devopsproject.DevopsProjectApplicationTests" time="11.551" tests="1" errors="0" skipped="0" failures="0">
  <properties>
[...]
</properties>
  <testcase name="contextLoads" classname="com.example.devopsproject.DevopsProjectApplicationTests" time="0.393">
    <system-out><![CDATA[17:38:44.395 [main] DEBUG org.springframework.test.context.BootstrapUtils - Instantiating CacheAwareContextLoaderDelegate from class [org.springframework.test.context.cache.DefaultCacheAwareContextLoaderDelegate]
17:38:44.426 [main] DEBUG org.springframework.test.context.BootstrapUtils - Instantiating BootstrapContext using constructor [public org.springframework.test.context.support.DefaultBootstrapContext(java.lang.Class,org.springframework.test.context.CacheAwareContextLoaderDelegate)]
17:38:44.539 [main] DEBUG org.springframework.test.context.BootstrapUtils - Instantiating TestContextBootstrapper for test class [com.example.devopsproject.DevopsProjectApplicationTests] from class [org.springframework.boot.test.context.SpringBootTestContextBootstrapper]
17:38:44.570 [main] INFO org.springframework.boot.test.context.SpringBootTestContextBootstrapper - Neither @ContextConfiguration nor @ContextHierarchy found for test class [com.example.devopsproject.DevopsProjectApplicationTests], using SpringBootContextLoader
17:38:44.582 [main] DEBUG org.springframework.test.context.support.AbstractContextLoader - Did not detect default resource location for test class [com.example.devopsproject.DevopsProjectApplicationTests]: class path resource [com/example/devopsproject/DevopsProjectApplicationTests-context.xml] does not exist
17:38:44.584 [main] DEBUG org.springframework.test.context.support.AbstractContextLoader - Did not detect default resource location for test class [com.example.devopsproject.DevopsProjectApplicationTests]: class path resource [com/example/devopsproject/DevopsProjectApplicationTestsContext.groovy] does not exist
17:38:44.585 [main] INFO org.springframework.test.context.support.AbstractContextLoader - Could not detect default resource locations for test class [com.example.devopsproject.DevopsProjectApplicationTests]: no resource found for suffixes {-context.xml, Context.groovy}.
17:38:44.588 [main] INFO org.springframework.test.context.support.AnnotationConfigContextLoaderUtils - Could not detect default configuration classes for test class [com.example.devopsproject.DevopsProjectApplicationTests]: DevopsProjectApplicationTests does not declare any static, non-private, non-final, nested classes annotated with @Configuration.
17:38:44.705 [main] DEBUG org.springframework.test.context.support.ActiveProfilesUtils - Could not find an 'annotation declaring class' for annotation type [org.springframework.test.context.ActiveProfiles] and class [com.example.devopsproject.DevopsProjectApplicationTests]
17:38:44.894 [main] DEBUG org.springframework.context.annotation.ClassPathScanningCandidateComponentProvider - Identified candidate component class: file [/home/kali/DevOpsProject/target/classes/com/example/devopsproject/DevopsProjectApplication.class]
17:38:44.896 [main] INFO org.springframework.boot.test.context.SpringBootTestContextBootstrapper - Found @SpringBootConfiguration com.example.devopsproject.DevopsProjectApplication for test class com.example.devopsproject.DevopsProjectApplicationTests
17:38:45.148 [main] DEBUG org.springframework.boot.test.context.SpringBootTestContextBootstrapper - @TestExecutionListeners is not present for class [com.example.devopsproject.DevopsProjectApplicationTests]: using defaults.
17:38:45.149 [main] INFO org.springframework.boot.test.context.SpringBootTestContextBootstrapper - Loaded default TestExecutionListener class names from location [META-INF/spring.factories]: [org.springframework.boot.test.mock.mockito.MockitoTestExecutionListener, org.springframework.boot.test.mock.mockito.ResetMocksTestExecutionListener, org.springframework.boot.test.autoconfigure.restdocs.RestDocsTestExecutionListener, org.springframework.boot.test.autoconfigure.web.client.MockRestServiceServerResetTestExecutionListener, org.springframework.boot.test.autoconfigure.web.servlet.MockMvcPrintOnlyOnFailureTestExecutionListener, org.springframework.boot.test.autoconfigure.web.servlet.WebDriverTestExecutionListener, org.springframework.boot.test.autoconfigure.webservices.client.MockWebServiceServerTestExecutionListener, org.springframework.test.context.web.ServletTestExecutionListener, org.springframework.test.context.support.DirtiesContextBeforeModesTestExecutionListener, org.springframework.test.context.event.ApplicationEventsTestExecutionListener, org.springframework.test.context.support.DependencyInjectionTestExecutionListener, org.springframework.test.context.support.DirtiesContextTestExecutionListener, org.springframework.test.context.transaction.TransactionalTestExecutionListener, org.springframework.test.context.jdbc.SqlScriptsTestExecutionListener, org.springframework.test.context.event.EventPublishingTestExecutionListener]
17:38:45.200 [main] INFO org.springframework.boot.test.context.SpringBootTestContextBootstrapper - Using TestExecutionListeners: [org.springframework.test.context.web.ServletTestExecutionListener@3bda1f0, org.springframework.test.context.support.DirtiesContextBeforeModesTestExecutionListener@2211e731, org.springframework.test.context.event.ApplicationEventsTestExecutionListener@73e399cc, org.springframework.boot.test.mock.mockito.MockitoTestExecutionListener@3dd591b9, org.springframework.boot.test.autoconfigure.SpringBootDependencyInjectionTestExecutionListener@538905d2, org.springframework.test.context.support.DirtiesContextTestExecutionListener@7e8c58fd, org.springframework.test.context.transaction.TransactionalTestExecutionListener@11ce9319, org.springframework.test.context.jdbc.SqlScriptsTestExecutionListener@780c0, org.springframework.test.context.event.EventPublishingTestExecutionListener@1b3bb287, org.springframework.boot.test.mock.mockito.ResetMocksTestExecutionListener@7ec5aad, org.springframework.boot.test.autoconfigure.restdocs.RestDocsTestExecutionListener@625f5712, org.springframework.boot.test.autoconfigure.web.client.MockRestServiceServerResetTestExecutionListener@5e62ca19, org.springframework.boot.test.autoconfigure.web.servlet.MockMvcPrintOnlyOnFailureTestExecutionListener@188bf4d8, org.springframework.boot.test.autoconfigure.web.servlet.WebDriverTestExecutionListener@7dd7ec56, org.springframework.boot.test.autoconfigure.webservices.client.MockWebServiceServerTestExecutionListener@6528d339]
17:38:45.211 [main] DEBUG org.springframework.test.context.support.AbstractDirtiesContextTestExecutionListener - Before test class: context [DefaultTestContext@4e030feb testClass = DevopsProjectApplicationTests, testInstance = [null], testMethod = [null], testException = [null], mergedContextConfiguration = [WebMergedContextConfiguration@2411b935 testClass = DevopsProjectApplicationTests, locations = '{}', classes = '{class com.example.devopsproject.DevopsProjectApplication}', contextInitializerClasses = '[]', activeProfiles = '{}', propertySourceLocations = '{}', propertySourceProperties = '{org.springframework.boot.test.context.SpringBootTestContextBootstrapper=true}', contextCustomizers = set[org.springframework.boot.test.context.filter.ExcludeFilterContextCustomizer@3cc053, org.springframework.boot.test.json.DuplicateJsonObjectContextCustomizerFactory$DuplicateJsonObjectContextCustomizer@2b80e5a9, org.springframework.boot.test.mock.mockito.MockitoContextCustomizer@0, org.springframework.boot.test.web.client.TestRestTemplateContextCustomizer@6da4feeb, org.springframework.boot.test.autoconfigure.actuate.metrics.MetricsExportContextCustomizerFactory$DisableMetricExportContextCustomizer@364b1061, org.springframework.boot.test.autoconfigure.properties.PropertyMappingContextCustomizer@0, org.springframework.boot.test.autoconfigure.web.servlet.WebDriverContextCustomizerFactory$Customizer@35eee641, org.springframework.boot.test.context.SpringBootTestArgs@1, org.springframework.boot.test.context.SpringBootTestWebEnvironment@24f360b2], resourceBasePath = 'src/main/webapp', contextLoader = 'org.springframework.boot.test.context.SpringBootContextLoader', parent = [null]], attributes = map['org.springframework.test.context.web.ServletTestExecutionListener.activateListener' -> true]], class annotated with @DirtiesContext [false] with mode [null].

  .   ____          _            __ _ _
 /\\ / ___'_ __ _ _(_)_ __  __ _ \ \ \ \
( ( )\___ | '_ | '_| | '_ \/ _` | \ \ \ \
 \\/  ___)| |_)| | | | | || (_| |  ) ) ) )
  '  |____| .__|_| |_|_| |_\__, | / / / /
 =========|_|==============|___/=/_/_/_/
 :: Spring Boot ::                (v2.7.4)

2022-12-08 17:38:46.005  INFO 46893 --- [           main] c.e.d.DevopsProjectApplicationTests      : Starting DevopsProjectApplicationTests using Java 11.0.14 on kali with PID 46893 (started by kali in /home/kali/DevOpsProject)
2022-12-08 17:38:46.007  INFO 46893 --- [           main] c.e.d.DevopsProjectApplicationTests      : No active profile set, falling back to 1 default profile: "default"
2022-12-08 17:38:47.786  INFO 46893 --- [           main] .s.d.r.c.RepositoryConfigurationDelegate : Bootstrapping Spring Data JPA repositories in DEFAULT mode.
2022-12-08 17:38:47.906  INFO 46893 --- [           main] .s.d.r.c.RepositoryConfigurationDelegate : Finished Spring Data repository scanning in 95 ms. Found 2 JPA repository interfaces.
2022-12-08 17:38:48.981  INFO 46893 --- [           main] com.zaxxer.hikari.HikariDataSource       : HikariPool-1 - Starting...
2022-12-08 17:38:49.713  INFO 46893 --- [           main] com.zaxxer.hikari.HikariDataSource       : HikariPool-1 - Start completed.
2022-12-08 17:38:50.095  INFO 46893 --- [           main] o.hibernate.jpa.internal.util.LogHelper  : HHH000204: Processing PersistenceUnitInfo [name: default]
2022-12-08 17:38:50.236  INFO 46893 --- [           main] org.hibernate.Version                    : HHH000412: Hibernate ORM core version 5.6.11.Final
2022-12-08 17:38:50.710  INFO 46893 --- [           main] o.hibernate.annotations.common.Version   : HCANN000001: Hibernate Commons Annotations {5.1.2.Final}
2022-12-08 17:38:51.049  INFO 46893 --- [           main] org.hibernate.dialect.Dialect            : HHH000400: Using dialect: org.hibernate.dialect.MySQL5Dialect
2022-12-08 17:38:52.852  INFO 46893 --- [           main] o.h.e.t.j.p.i.JtaPlatformInitiator       : HHH000490: Using JtaPlatform implementation: [org.hibernate.engine.transaction.jta.platform.internal.NoJtaPlatform]
2022-12-08 17:38:52.887  INFO 46893 --- [           main] j.LocalContainerEntityManagerFactoryBean : Initialized JPA EntityManagerFactory for persistence unit 'default'
2022-12-08 17:38:54.186  WARN 46893 --- [           main] JpaBaseConfiguration$JpaWebConfiguration : spring.jpa.open-in-view is enabled by default. Therefore, database queries may be performed during view rendering. Explicitly configure spring.jpa.open-in-view to disable this warning
2022-12-08 17:38:55.411  INFO 46893 --- [           main] c.e.d.DevopsProjectApplicationTests      : Started DevopsProjectApplicationTests in 10.109 seconds (JVM running for 13.332)
]]></system-out>
  </testcase>
</testsuite>