<?xml version="1.0" encoding="UTF-8"?>
<testsuite xmlns:xsi="http://www.w3.org/2001/XMLSchema-instance" xsi:noNamespaceSchemaLocation="https://maven.apache.org/surefire/maven-surefire-plugin/xsd/surefire-test-report-3.0.xsd" version="3.0" name="com.example.devopsproject.services.TeacherRepositoryTest" time="1.504" tests="3" errors="0" skipped="0" failures="0">
  <properties>
[...]
</properties>
  <testcase name="createTeacherTest" classname="com.example.devopsproject.services.TeacherRepositoryTest" time="0.008">
    <system-out><![CDATA[2022-12-08 17:38:57.980  INFO 46893 --- [           main] .b.t.c.SpringBootTestContextBootstrapper : Neither @ContextConfiguration nor @ContextHierarchy found for test class [com.example.devopsproject.services.TeacherRepositoryTest], using SpringBootContextLoader
2022-12-08 17:38:57.981  INFO 46893 --- [           main] o.s.t.c.support.AbstractContextLoader    : Could not detect default resource locations for test class [com.example.devopsproject.services.TeacherRepositoryTest]: no resource found for suffixes {-context.xml, Context.groovy}.
2022-12-08 17:38:57.982  INFO 46893 --- [           main] t.c.s.AnnotationConfigContextLoaderUtils : Could not detect default configuration classes for test class [com.example.devopsproject.services.TeacherRepositoryTest]: TeacherRepositoryTest does not declare any static, non-private, non-final, nested classes annotated with @Configuration.
2022-12-08 17:38:57.984  INFO 46893 --- [           main] .b.t.c.SpringBootTestContextBootstrapper : Found @SpringBootConfiguration com.example.devopsproject.DevopsProjectApplication for test class com.example.devopsproject.services.TeacherRepositoryTest
2022-12-08 17:38:57.987  INFO 46893 --- [           main] .b.t.c.SpringBootTestContextBootstrapper : Loaded default TestExecutionListener class names from location [META-INF/spring.factories]: [org.springframework.boot.test.mock.mockito.MockitoTestExecutionListener, org.springframework.boot.test.mock.mockito.ResetMocksTestExecutionListener, org.springframework.boot.test.autoconfigure.restdocs.RestDocsTestExecutionListener, org.springframework.boot.test.autoconfigure.web.client.MockRestServiceServerResetTestExecutionListener, org.springframework.boot.test.autoconfigure.web.servlet.MockMvcPrintOnlyOnFailureTestExecutionListener, org.springframework.boot.test.autoconfigure.web.servlet.WebDriverTestExecutionListener, org.springframework.boot.test.autoconfigure.webservices.client.MockWebServiceServerTestExecutionListener, org.springframework.test.context.web.ServletTestExecutionListener, org.springframework.test.context.support.DirtiesContextBeforeModesTestExecutionListener, org.springframework.test.context.event.ApplicationEventsTestExecutionListener, org.springframework.test.context.support.DependencyInjectionTestExecutionListener, org.springframework.test.context.support.DirtiesContextTestExecutionListener, org.springframework.test.context.transaction.TransactionalTestExecutionListener, org.springframework.test.context.jdbc.SqlScriptsTestExecutionListener, org.springframework.test.context.event.EventPublishingTestExecutionListener]
2022-12-08 17:38:57.988  INFO 46893 --- [           main] .b.t.c.SpringBootTestContextBootstrapper : Using TestExecutionListeners: [org.springframework.test.context.web.ServletTestExecutionListener@28f6d223, org.springframework.test.context.support.DirtiesContextBeforeModesTestExecutionListener@ad10c6e, org.springframework.test.context.event.ApplicationEventsTestExecutionListener@6a713d9a, org.springframework.boot.test.mock.mockito.MockitoTestExecutionListener@7b785caa, org.springframework.boot.test.autoconfigure.SpringBootDependencyInjectionTestExecutionListener@6501ee2c, org.springframework.test.context.support.DirtiesContextTestExecutionListener@67b13c9e, org.springframework.test.context.transaction.TransactionalTestExecutionListener@4cf501f, org.springframework.test.context.jdbc.SqlScriptsTestExecutionListener@3d6bc120, org.springframework.test.context.event.EventPublishingTestExecutionListener@57f1382f, org.springframework.boot.test.mock.mockito.ResetMocksTestExecutionListener@39cabb83, org.springframework.boot.test.autoconfigure.restdocs.RestDocsTestExecutionListener@47fb4b0d, org.springframework.boot.test.autoconfigure.web.client.MockRestServiceServerResetTestExecutionListener@24faf013, org.springframework.boot.test.autoconfigure.web.servlet.MockMvcPrintOnlyOnFailureTestExecutionListener@7a9494e3, org.springframework.boot.test.autoconfigure.web.servlet.WebDriverTestExecutionListener@166e3e91, org.springframework.boot.test.autoconfigure.webservices.client.MockWebServiceServerTestExecutionListener@bd0bc72]

  .   ____          _            __ _ _
 /\\ / ___'_ __ _ _(_)_ __  __ _ \ \ \ \
( ( )\___ | '_ | '_| | '_ \/ _` | \ \ \ \
 \\/  ___)| |_)| | | | | || (_| |  ) ) ) )
  '  |____| .__|_| |_|_| |_\__, | / / / /
 =========|_|==============|___/=/_/_/_/
 :: Spring Boot ::                (v2.7.4)

2022-12-08 17:38:58.033  INFO 46893 --- [           main] c.e.d.services.TeacherRepositoryTest     : Starting TeacherRepositoryTest using Java 11.0.14 on kali with PID 46893 (started by kali in /home/kali/DevOpsProject)
2022-12-08 17:38:58.033  INFO 46893 --- [           main] c.e.d.services.TeacherRepositoryTest     : No active profile set, falling back to 1 default profile: "default"
2022-12-08 17:38:58.284  INFO 46893 --- [           main] .s.d.r.c.RepositoryConfigurationDelegate : Bootstrapping Spring Data JPA repositories in DEFAULT mode.
2022-12-08 17:38:58.297  INFO 46893 --- [           main] .s.d.r.c.RepositoryConfigurationDelegate : Finished Spring Data repository scanning in 12 ms. Found 2 JPA repository interfaces.
2022-12-08 17:38:58.487  INFO 46893 --- [           main] com.zaxxer.hikari.HikariDataSource       : HikariPool-3 - Starting...
2022-12-08 17:38:58.498  INFO 46893 --- [           main] com.zaxxer.hikari.HikariDataSource       : HikariPool-3 - Start completed.
2022-12-08 17:38:58.542  INFO 46893 --- [           main] o.hibernate.jpa.internal.util.LogHelper  : HHH000204: Processing PersistenceUnitInfo [name: default]
2022-12-08 17:38:58.550  INFO 46893 --- [           main] org.hibernate.dialect.Dialect            : HHH000400: Using dialect: org.hibernate.dialect.MySQL5Dialect
2022-12-08 17:38:58.664  INFO 46893 --- [           main] o.h.e.t.j.p.i.JtaPlatformInitiator       : HHH000490: Using JtaPlatform implementation: [org.hibernate.engine.transaction.jta.platform.internal.NoJtaPlatform]
2022-12-08 17:38:58.665  INFO 46893 --- [           main] j.LocalContainerEntityManagerFactoryBean : Initialized JPA EntityManagerFactory for persistence unit 'default'
2022-12-08 17:38:59.026  WARN 46893 --- [           main] JpaBaseConfiguration$JpaWebConfiguration : spring.jpa.open-in-view is enabled by default. Therefore, database queries may be performed during view rendering. Explicitly configure spring.jpa.open-in-view to disable this warning
2022-12-08 17:38:59.447  INFO 46893 --- [           main] c.e.d.services.TeacherRepositoryTest     : Started TeacherRepositoryTest in 1.455 seconds (JVM running for 17.367)
]]></system-out>
  </testcase>
  <testcase name="getAllTeachersTest" classname="com.example.devopsproject.services.TeacherRepositoryTest" time="0.007"/>
  <testcase name="getTeacherByIdTest" classname="com.example.devopsproject.services.TeacherRepositoryTest" time="0.008"/>
</testsuite>